<?xml version="1.0" encoding="UTF-8"?>
<testsuite name="com.emazon.stock.emazon.adapters.driven.jpa.mysql.adapter.CategoryAdapterTest" tests="4" skipped="0" failures="0" errors="0" timestamp="2024-08-27T21:40:47" hostname="DESKTOP-PNL2D40" time="0.803">
  <properties/>
  <testcase name="Debe traer la lista de Categorias de la base de datos paginada y en orden ascendente" classname="com.emazon.stock.emazon.adapters.driven.jpa.mysql.adapter.CategoryAdapterTest" time="0.785"/>
  <testcase name="Dado un nombre de una categoria debe buscarlo en la base de datos" classname="com.emazon.stock.emazon.adapters.driven.jpa.mysql.adapter.CategoryAdapterTest" time="0.009"/>
  <testcase name="Debe traer la cantidad de categorias almacenadas en la base de datos" classname="com.emazon.stock.emazon.adapters.driven.jpa.mysql.adapter.CategoryAdapterTest" time="0.003"/>
  <testcase name="Dada una categoria debe guardarla en la base datos" classname="com.emazon.stock.emazon.adapters.driven.jpa.mysql.adapter.CategoryAdapterTest" time="0.002"/>
  <system-out><![CDATA[]]></system-out>
  <system-err><![CDATA[]]></system-err>
</testsuite>
