<?xml version="1.0" encoding="UTF-8"?>
<testsuite name="com.emazon.stock.emazon.EmazonApplicationTests" tests="1" skipped="0" failures="0" errors="0" timestamp="2024-08-24T21:34:52" hostname="DESKTOP-PNL2D40" time="0.345">
  <properties/>
  <testcase name="contextLoads()" classname="com.emazon.stock.emazon.EmazonApplicationTests" time="0.345"/>
  <system-out><![CDATA[16:34:49.035 [Test worker] INFO org.springframework.test.context.support.AnnotationConfigContextLoaderUtils -- Could not detect default configuration classes for test class [com.emazon.stock.emazon.EmazonApplicationTests]: EmazonApplicationTests does not declare any static, non-private, non-final, nested classes annotated with @Configuration.
16:34:49.127 [Test worker] INFO org.springframework.boot.test.context.SpringBootTestContextBootstrapper -- Found @SpringBootConfiguration com.emazon.stock.emazon.EmazonApplication for test class com.emazon.stock.emazon.EmazonApplicationTests

  .   ____          _            __ _ _
 /\\ / ___'_ __ _ _(_)_ __  __ _ \ \ \ \
( ( )\___ | '_ | '_| | '_ \/ _` | \ \ \ \
 \\/  ___)| |_)| | | | | || (_| |  ) ) ) )
  '  |____| .__|_| |_|_| |_\__, | / / / /
 =========|_|==============|___/=/_/_/_/

 :: Spring Boot ::                (v3.3.2)

2024-08-24T16:34:49.435-05:00  INFO 9604 --- [emazon] [    Test worker] c.e.stock.emazon.EmazonApplicationTests  : Starting EmazonApplicationTests using Java 17.0.12 with PID 9604 (started by Debaran in C:\Users\Debaran\Desktop\Duque\emazon)
2024-08-24T16:34:49.436-05:00  INFO 9604 --- [emazon] [    Test worker] c.e.stock.emazon.EmazonApplicationTests  : No active profile set, falling back to 1 default profile: "default"
2024-08-24T16:34:50.028-05:00  INFO 9604 --- [emazon] [    Test worker] .s.d.r.c.RepositoryConfigurationDelegate : Bootstrapping Spring Data JPA repositories in DEFAULT mode.
2024-08-24T16:34:50.089-05:00  INFO 9604 --- [emazon] [    Test worker] .s.d.r.c.RepositoryConfigurationDelegate : Finished Spring Data repository scanning in 48 ms. Found 1 JPA repository interface.
2024-08-24T16:34:50.412-05:00  INFO 9604 --- [emazon] [    Test worker] o.hibernate.jpa.internal.util.LogHelper  : HHH000204: Processing PersistenceUnitInfo [name: default]
2024-08-24T16:34:50.468-05:00  INFO 9604 --- [emazon] [    Test worker] org.hibernate.Version                    : HHH000412: Hibernate ORM core version 6.5.2.Final
2024-08-24T16:34:50.502-05:00  INFO 9604 --- [emazon] [    Test worker] o.h.c.internal.RegionFactoryInitiator    : HHH000026: Second-level cache disabled
2024-08-24T16:34:50.770-05:00  INFO 9604 --- [emazon] [    Test worker] o.s.o.j.p.SpringPersistenceUnitInfo      : No LoadTimeWeaver setup: ignoring JPA class transformer
2024-08-24T16:34:50.795-05:00  INFO 9604 --- [emazon] [    Test worker] com.zaxxer.hikari.HikariDataSource       : HikariPool-1 - Starting...
2024-08-24T16:34:50.915-05:00  INFO 9604 --- [emazon] [    Test worker] com.zaxxer.hikari.pool.HikariPool        : HikariPool-1 - Added connection com.mysql.cj.jdbc.ConnectionImpl@2e426dd2
2024-08-24T16:34:50.917-05:00  INFO 9604 --- [emazon] [    Test worker] com.zaxxer.hikari.HikariDataSource       : HikariPool-1 - Start completed.
2024-08-24T16:34:50.947-05:00  WARN 9604 --- [emazon] [    Test worker] org.hibernate.orm.deprecation            : HHH90000025: MySQL8Dialect does not need to be specified explicitly using 'hibernate.dialect' (remove the property setting and it will be selected by default)
2024-08-24T16:34:50.948-05:00  WARN 9604 --- [emazon] [    Test worker] org.hibernate.orm.deprecation            : HHH90000026: MySQL8Dialect has been deprecated; use org.hibernate.dialect.MySQLDialect instead
2024-08-24T16:34:51.391-05:00  INFO 9604 --- [emazon] [    Test worker] o.h.m.i.EntityInstantiatorPojoStandard   : HHH000182: No default (no-argument) constructor for class: com.emazon.stock.emazon.adapters.driven.jpa.mysql.entity.CategoryEntity (class must be instantiated by Interceptor)
2024-08-24T16:34:51.506-05:00  INFO 9604 --- [emazon] [    Test worker] o.h.e.t.j.p.i.JtaPlatformInitiator       : HHH000489: No JTA platform available (set 'hibernate.transaction.jta.platform' to enable JTA platform integration)
2024-08-24T16:34:51.542-05:00  INFO 9604 --- [emazon] [    Test worker] j.LocalContainerEntityManagerFactoryBean : Initialized JPA EntityManagerFactory for persistence unit 'default'
2024-08-24T16:34:51.931-05:00  WARN 9604 --- [emazon] [    Test worker] JpaBaseConfiguration$JpaWebConfiguration : spring.jpa.open-in-view is enabled by default. Therefore, database queries may be performed during view rendering. Explicitly configure spring.jpa.open-in-view to disable this warning
2024-08-24T16:34:52.273-05:00  INFO 9604 --- [emazon] [    Test worker] c.e.stock.emazon.EmazonApplicationTests  : Started EmazonApplicationTests in 3.013 seconds (process running for 3.895)
]]></system-out>
  <system-err><![CDATA[]]></system-err>
</testsuite>
