<?xml version="1.0" encoding="UTF-8"?>
<testsuite name="com.emazon.stock.emazon.domain.api.usecase.BrandUseCaseTest" tests="4" skipped="0" failures="0" errors="0" timestamp="2024-09-04T17:35:09" hostname="DESKTOP-PNL2D40" time="0.845">
  <properties/>
  <testcase name="Dado un nombre de marca debe buscarlo en la base de datos" classname="com.emazon.stock.emazon.domain.api.usecase.BrandUseCaseTest" time="0.824"/>
  <testcase name="Debe lanzar un NoDataFoundException cuando la base de datos de marcas esta vacia" classname="com.emazon.stock.emazon.domain.api.usecase.BrandUseCaseTest" time="0.012"/>
  <testcase name="Debe traer toda la lista de marcas de la base de datos paginadas y en orden ascendente" classname="com.emazon.stock.emazon.domain.api.usecase.BrandUseCaseTest" time="0.002"/>
  <testcase name="Dada una marca debe guardarla en la base de datos" classname="com.emazon.stock.emazon.domain.api.usecase.BrandUseCaseTest" time="0.002"/>
  <system-out><![CDATA[]]></system-out>
  <system-err><![CDATA[]]></system-err>
</testsuite>
